Determining if the pthread_create exist failed with the following output:
Change Dir: /home/malz/Documents/SensorFusionCourse/Project1/SFND_Lidar_Obstacle_Detection-master/src/quiz/ransac/build/CMakeFiles/CMakeTmp

Run Build Command:"/usr/bin/make" "cmTC_89729/fast"
/usr/bin/make -f CMakeFiles/cmTC_89729.dir/build.make CMakeFiles/cmTC_89729.dir/build
make[1]: Entering directory '/home/malz/Documents/SensorFusionCourse/Project1/SFND_Lidar_Obstacle_Detection-master/src/quiz/ransac/build/CMakeFiles/CMakeTmp'
Building C object CMakeFiles/cmTC_89729.dir/CheckSymbolExists.c.o
/usr/bin/cc    -o CMakeFiles/cmTC_89729.dir/CheckSymbolExists.c.o   -c /home/malz/Documents/SensorFusionCourse/Project1/SFND_Lidar_Obstacle_Detection-master/src/quiz/ransac/build/CMakeFiles/CMakeTmp/CheckSymbolExists.c
Linking C executable cmTC_89729
/usr/bin/cmake -E cmake_link_script CMakeFiles/cmTC_89729.dir/link.txt --verbose=1
/usr/bin/cc      -rdynamic CMakeFiles/cmTC_89729.dir/CheckSymbolExists.c.o  -o cmTC_89729 
CMakeFiles/cmTC_89729.dir/CheckSymbolExists.c.o: In function `main':
CheckSymbolExists.c:(.text+0x1b): undefined reference to `pthread_create'
collect2: error: ld returned 1 exit status
CMakeFiles/cmTC_89729.dir/build.make:97: recipe for target 'cmTC_89729' failed
make[1]: *** [cmTC_89729] Error 1
make[1]: Leaving directory '/home/malz/Documents/SensorFusionCourse/Project1/SFND_Lidar_Obstacle_Detection-master/src/quiz/ransac/build/CMakeFiles/CMakeTmp'
Makefile:126: recipe for target 'cmTC_89729/fast' failed
make: *** [cmTC_89729/fast] Error 2

File /home/malz/Documents/SensorFusionCourse/Project1/SFND_Lidar_Obstacle_Detection-master/src/quiz/ransac/build/CMakeFiles/CMakeTmp/CheckSymbolExists.c:
/* */
#include <pthread.h>

int main(int argc, char** argv)
{
  (void)argv;
#ifndef pthread_create
  return ((int*)(&pthread_create))[argc];
#else
  (void)argc;
  return 0;
#endif
}

Determining if the function pthread_create exists in the pthreads failed with the following output:
Change Dir: /home/malz/Documents/SensorFusionCourse/Project1/SFND_Lidar_Obstacle_Detection-master/src/quiz/ransac/build/CMakeFiles/CMakeTmp

Run Build Command:"/usr/bin/make" "cmTC_a0ead/fast"
/usr/bin/make -f CMakeFiles/cmTC_a0ead.dir/build.make CMakeFiles/cmTC_a0ead.dir/build
make[1]: Entering directory '/home/malz/Documents/SensorFusionCourse/Project1/SFND_Lidar_Obstacle_Detection-master/src/quiz/ransac/build/CMakeFiles/CMakeTmp'
Building C object CMakeFiles/cmTC_a0ead.dir/CheckFunctionExists.c.o
/usr/bin/cc   -DCHECK_FUNCTION_EXISTS=pthread_create   -o CMakeFiles/cmTC_a0ead.dir/CheckFunctionExists.c.o   -c /usr/share/cmake-3.10/Modules/CheckFunctionExists.c
Linking C executable cmTC_a0ead
/usr/bin/cmake -E cmake_link_script CMakeFiles/cmTC_a0ead.dir/link.txt --verbose=1
/usr/bin/cc  -DCHECK_FUNCTION_EXISTS=pthread_create    -rdynamic CMakeFiles/cmTC_a0ead.dir/CheckFunctionExists.c.o  -o cmTC_a0ead -lpthreads 
/usr/bin/ld: cannot find -lpthreads
collect2: error: ld returned 1 exit status
CMakeFiles/cmTC_a0ead.dir/build.make:97: recipe for target 'cmTC_a0ead' failed
make[1]: *** [cmTC_a0ead] Error 1
make[1]: Leaving directory '/home/malz/Documents/SensorFusionCourse/Project1/SFND_Lidar_Obstacle_Detection-master/src/quiz/ransac/build/CMakeFiles/CMakeTmp'
Makefile:126: recipe for target 'cmTC_a0ead/fast' failed
make: *** [cmTC_a0ead/fast] Error 2


